<?xml version="1.0" encoding="UTF-8"?>
<!-- Generated by org.testng.reporters.JUnitXMLReporter -->
<testsuite ignored="2" hostname="DESKTOP-DNAIBMJ" failures="0" tests="1" name="Default test" time="2.806" errors="0" timestamp="2023-07-31T06:51:26 IST">
  <testcase classname="SDET.HashMapBody" name="createDataOrgJson" time="2.705"/>
  <testcase classname="SDET.HashMapBody" name="createDataHashMap" time="0.0">
    <ignored/>
  </testcase> <!-- createDataHashMap -->
  <testcase classname="SDET.HashMapBody" name="getData" time="0.0">
    <ignored/>
  </testcase> <!-- getData -->
</testsuite> <!-- Default test -->
