<?xml version="1.0" encoding="UTF-8"?>
<testng-results ignored="2" total="3" passed="1" failed="0" skipped="0">
  <reporter-output>
  </reporter-output>
  <suite started-at="2023-07-31T06:51:23 IST" name="Default suite" finished-at="2023-07-31T06:51:26 IST" duration-ms="2806">
    <groups>
    </groups>
    <test started-at="2023-07-31T06:51:23 IST" name="Default test" finished-at="2023-07-31T06:51:26 IST" duration-ms="2806">
      <class name="SDET.HashMapBody">
        <test-method signature="createDataOrgJson()[pri:0, instance:SDET.HashMapBody@57d7f8ca]" started-at="2023-07-31T06:51:24 IST" name="createDataOrgJson" finished-at="2023-07-31T06:51:26 IST" duration-ms="2705" status="PASS">
          <reporter-output>
          </reporter-output>
        </test-method> <!-- createDataOrgJson -->
      </class> <!-- SDET.HashMapBody -->
    </test> <!-- Default test -->
  </suite> <!-- Default suite -->
</testng-results>
